2023-12-22 18:12:38 INFO  ManageBrowser :32 - Chrome Browser Launch .....
2023-12-22 18:12:852 INFO  HomePage :61 - Sending text to : [[ChromeDriver: chrome on windows (f6efd21e341393fd13a8233a6196cd28)] -> id: keywords]
2023-12-22 18:12:931 INFO  HomePage :65 - Sending text to : [[ChromeDriver: chrome on windows (f6efd21e341393fd13a8233a6196cd28)] -> xpath: //input[@id='location']]
2023-12-22 18:12:06 INFO  HomePage :69 - Clicking on  : [[ChromeDriver: chrome on windows (f6efd21e341393fd13a8233a6196cd28)] -> id: distance]
2023-12-22 18:12:113 INFO  HomePage :73 - Clicking on  : [[ChromeDriver: chrome on windows (f6efd21e341393fd13a8233a6196cd28)] -> id: toggle-hp-search]
2023-12-22 18:12:184 INFO  HomePage :77 - Sending text to : [[ChromeDriver: chrome on windows (f6efd21e341393fd13a8233a6196cd28)] -> xpath: //input[@id='salarymin']]
2023-12-22 18:12:322 INFO  HomePage :81 - Sending text to : [[ChromeDriver: chrome on windows (f6efd21e341393fd13a8233a6196cd28)] -> xpath: //input[@id='salarymax']]
2023-12-22 18:12:409 INFO  HomePage :85 - Clicking on  : [[ChromeDriver: chrome on windows (f6efd21e341393fd13a8233a6196cd28)] -> xpath: //select[@id='salarytype']]
2023-12-22 18:12:495 INFO  HomePage :89 - Clicking on  : [[ChromeDriver: chrome on windows (f6efd21e341393fd13a8233a6196cd28)] -> id: tempperm]
2023-12-22 18:12:565 INFO  HomePage :93 - Clicking on  : [[ChromeDriver: chrome on windows (f6efd21e341393fd13a8233a6196cd28)] -> id: hp-search-btn]
2023-12-22 18:12:61 INFO  HomePage :20 - Getting Text   : [[ChromeDriver: chrome on windows (f6efd21e341393fd13a8233a6196cd28)] -> xpath: //h1[@class='search-header__title']]
2023-12-22 18:12:241 INFO  ManageBrowser :32 - Chrome Browser Launch .....
2023-12-22 18:12:125 INFO  HomePage :61 - Sending text to : [[ChromeDriver: chrome on windows (51d6b3f7db0ad505175b3d32d76dd85e)] -> id: keywords]
2023-12-22 18:12:562 INFO  HomePage :65 - Sending text to : [[ChromeDriver: chrome on windows (51d6b3f7db0ad505175b3d32d76dd85e)] -> xpath: //input[@id='location']]
2023-12-22 18:12:649 INFO  HomePage :69 - Clicking on  : [[ChromeDriver: chrome on windows (51d6b3f7db0ad505175b3d32d76dd85e)] -> id: distance]
2023-12-22 18:12:749 INFO  HomePage :73 - Clicking on  : [[ChromeDriver: chrome on windows (51d6b3f7db0ad505175b3d32d76dd85e)] -> id: toggle-hp-search]
2023-12-22 18:12:152 INFO  HomePage :77 - Sending text to : [[ChromeDriver: chrome on windows (51d6b3f7db0ad505175b3d32d76dd85e)] -> xpath: //input[@id='salarymin']]
2023-12-22 18:12:264 INFO  HomePage :81 - Sending text to : [[ChromeDriver: chrome on windows (51d6b3f7db0ad505175b3d32d76dd85e)] -> xpath: //input[@id='salarymax']]
2023-12-22 18:12:334 INFO  HomePage :85 - Clicking on  : [[ChromeDriver: chrome on windows (51d6b3f7db0ad505175b3d32d76dd85e)] -> xpath: //select[@id='salarytype']]
2023-12-22 18:12:424 INFO  HomePage :89 - Clicking on  : [[ChromeDriver: chrome on windows (51d6b3f7db0ad505175b3d32d76dd85e)] -> id: tempperm]
2023-12-22 18:12:497 INFO  HomePage :93 - Clicking on  : [[ChromeDriver: chrome on windows (51d6b3f7db0ad505175b3d32d76dd85e)] -> id: hp-search-btn]
2023-12-22 18:12:529 INFO  HomePage :20 - Getting Text   : [[ChromeDriver: chrome on windows (51d6b3f7db0ad505175b3d32d76dd85e)] -> xpath: //h1[@class='search-header__title']]
2023-12-22 18:12:745 INFO  ManageBrowser :32 - Chrome Browser Launch .....
2023-12-22 18:12:636 INFO  HomePage :61 - Sending text to : [[ChromeDriver: chrome on windows (df57a4575e90be4546723501340af749)] -> id: keywords]
2023-12-22 18:12:31 INFO  HomePage :65 - Sending text to : [[ChromeDriver: chrome on windows (df57a4575e90be4546723501340af749)] -> xpath: //input[@id='location']]
2023-12-22 18:12:114 INFO  HomePage :69 - Clicking on  : [[ChromeDriver: chrome on windows (df57a4575e90be4546723501340af749)] -> id: distance]
2023-12-22 18:12:212 INFO  HomePage :73 - Clicking on  : [[ChromeDriver: chrome on windows (df57a4575e90be4546723501340af749)] -> id: toggle-hp-search]
2023-12-22 18:12:388 INFO  HomePage :77 - Sending text to : [[ChromeDriver: chrome on windows (df57a4575e90be4546723501340af749)] -> xpath: //input[@id='salarymin']]
2023-12-22 18:12:519 INFO  HomePage :81 - Sending text to : [[ChromeDriver: chrome on windows (df57a4575e90be4546723501340af749)] -> xpath: //input[@id='salarymax']]
2023-12-22 18:12:587 INFO  HomePage :85 - Clicking on  : [[ChromeDriver: chrome on windows (df57a4575e90be4546723501340af749)] -> xpath: //select[@id='salarytype']]
2023-12-22 18:12:678 INFO  HomePage :89 - Clicking on  : [[ChromeDriver: chrome on windows (df57a4575e90be4546723501340af749)] -> id: tempperm]
2023-12-22 18:12:771 INFO  HomePage :93 - Clicking on  : [[ChromeDriver: chrome on windows (df57a4575e90be4546723501340af749)] -> id: hp-search-btn]
2023-12-22 18:12:412 INFO  HomePage :20 - Getting Text   : [[ChromeDriver: chrome on windows (df57a4575e90be4546723501340af749)] -> xpath: //h1[@class='search-header__title']]
2023-12-22 18:12:564 INFO  ManageBrowser :32 - Chrome Browser Launch .....
2023-12-22 18:12:328 INFO  HomePage :61 - Sending text to : [[ChromeDriver: chrome on windows (96530b7f4d65af9d33c20c9a863e89a8)] -> id: keywords]
2023-12-22 18:12:422 INFO  HomePage :65 - Sending text to : [[ChromeDriver: chrome on windows (96530b7f4d65af9d33c20c9a863e89a8)] -> xpath: //input[@id='location']]
2023-12-22 18:12:488 INFO  HomePage :69 - Clicking on  : [[ChromeDriver: chrome on windows (96530b7f4d65af9d33c20c9a863e89a8)] -> id: distance]
2023-12-22 18:12:590 INFO  HomePage :73 - Clicking on  : [[ChromeDriver: chrome on windows (96530b7f4d65af9d33c20c9a863e89a8)] -> id: toggle-hp-search]
2023-12-22 18:12:678 INFO  HomePage :77 - Sending text to : [[ChromeDriver: chrome on windows (96530b7f4d65af9d33c20c9a863e89a8)] -> xpath: //input[@id='salarymin']]
2023-12-22 18:12:770 INFO  HomePage :81 - Sending text to : [[ChromeDriver: chrome on windows (96530b7f4d65af9d33c20c9a863e89a8)] -> xpath: //input[@id='salarymax']]
2023-12-22 18:12:874 INFO  HomePage :85 - Clicking on  : [[ChromeDriver: chrome on windows (96530b7f4d65af9d33c20c9a863e89a8)] -> xpath: //select[@id='salarytype']]
2023-12-22 18:12:948 INFO  HomePage :89 - Clicking on  : [[ChromeDriver: chrome on windows (96530b7f4d65af9d33c20c9a863e89a8)] -> id: tempperm]
2023-12-22 18:12:15 INFO  HomePage :93 - Clicking on  : [[ChromeDriver: chrome on windows (96530b7f4d65af9d33c20c9a863e89a8)] -> id: hp-search-btn]
2023-12-22 18:12:448 INFO  HomePage :20 - Getting Text   : [[ChromeDriver: chrome on windows (96530b7f4d65af9d33c20c9a863e89a8)] -> xpath: //h1[@class='search-header__title']]
2023-12-22 18:12:542 INFO  ManageBrowser :32 - Chrome Browser Launch .....
2023-12-22 18:12:241 INFO  HomePage :61 - Sending text to : [[ChromeDriver: chrome on windows (3d455f2997e00a2a43e2408ec55c96ec)] -> id: keywords]
2023-12-22 18:12:319 INFO  HomePage :65 - Sending text to : [[ChromeDriver: chrome on windows (3d455f2997e00a2a43e2408ec55c96ec)] -> xpath: //input[@id='location']]
2023-12-22 18:12:381 INFO  HomePage :69 - Clicking on  : [[ChromeDriver: chrome on windows (3d455f2997e00a2a43e2408ec55c96ec)] -> id: distance]
2023-12-22 18:12:477 INFO  HomePage :73 - Clicking on  : [[ChromeDriver: chrome on windows (3d455f2997e00a2a43e2408ec55c96ec)] -> id: toggle-hp-search]
2023-12-22 18:12:563 INFO  HomePage :77 - Sending text to : [[ChromeDriver: chrome on windows (3d455f2997e00a2a43e2408ec55c96ec)] -> xpath: //input[@id='salarymin']]
2023-12-22 18:12:652 INFO  HomePage :81 - Sending text to : [[ChromeDriver: chrome on windows (3d455f2997e00a2a43e2408ec55c96ec)] -> xpath: //input[@id='salarymax']]
2023-12-22 18:12:757 INFO  HomePage :85 - Clicking on  : [[ChromeDriver: chrome on windows (3d455f2997e00a2a43e2408ec55c96ec)] -> xpath: //select[@id='salarytype']]
2023-12-22 18:12:832 INFO  HomePage :89 - Clicking on  : [[ChromeDriver: chrome on windows (3d455f2997e00a2a43e2408ec55c96ec)] -> id: tempperm]
2023-12-22 18:12:902 INFO  HomePage :93 - Clicking on  : [[ChromeDriver: chrome on windows (3d455f2997e00a2a43e2408ec55c96ec)] -> id: hp-search-btn]
2023-12-22 18:12:297 INFO  HomePage :20 - Getting Text   : [[ChromeDriver: chrome on windows (3d455f2997e00a2a43e2408ec55c96ec)] -> xpath: //h1[@class='search-header__title']]
2023-12-22 18:12:428 INFO  ManageBrowser :32 - Chrome Browser Launch .....
2023-12-22 18:12:138 INFO  HomePage :61 - Sending text to : [[ChromeDriver: chrome on windows (276b099e5b6e1b6c646dbf501599481d)] -> id: keywords]
2023-12-22 18:12:208 INFO  HomePage :65 - Sending text to : [[ChromeDriver: chrome on windows (276b099e5b6e1b6c646dbf501599481d)] -> xpath: //input[@id='location']]
2023-12-22 18:12:272 INFO  HomePage :69 - Clicking on  : [[ChromeDriver: chrome on windows (276b099e5b6e1b6c646dbf501599481d)] -> id: distance]
2023-12-22 18:12:370 INFO  HomePage :73 - Clicking on  : [[ChromeDriver: chrome on windows (276b099e5b6e1b6c646dbf501599481d)] -> id: toggle-hp-search]
2023-12-22 18:12:464 INFO  HomePage :77 - Sending text to : [[ChromeDriver: chrome on windows (276b099e5b6e1b6c646dbf501599481d)] -> xpath: //input[@id='salarymin']]
2023-12-22 18:12:554 INFO  HomePage :81 - Sending text to : [[ChromeDriver: chrome on windows (276b099e5b6e1b6c646dbf501599481d)] -> xpath: //input[@id='salarymax']]
2023-12-22 18:12:661 INFO  HomePage :85 - Clicking on  : [[ChromeDriver: chrome on windows (276b099e5b6e1b6c646dbf501599481d)] -> xpath: //select[@id='salarytype']]
2023-12-22 18:12:734 INFO  HomePage :89 - Clicking on  : [[ChromeDriver: chrome on windows (276b099e5b6e1b6c646dbf501599481d)] -> id: tempperm]
2023-12-22 18:12:802 INFO  HomePage :93 - Clicking on  : [[ChromeDriver: chrome on windows (276b099e5b6e1b6c646dbf501599481d)] -> id: hp-search-btn]
2023-12-22 18:12:848 INFO  HomePage :20 - Getting Text   : [[ChromeDriver: chrome on windows (276b099e5b6e1b6c646dbf501599481d)] -> xpath: //h1[@class='search-header__title']]
